<?xml version="1.0" encoding="UTF-8"?>
<beans xmlns="http://www.springframework.org/schema/beans"
       xmlns:xsi="http://www.w3.org/2001/XMLSchema-instance"
       xsi:schemaLocation="http://www.springframework.org/schema/beans http://www.springframework.org/schema/beans/spring-beans.xsd">
    <!-- 데코레이터 (프록시) -->
    <bean id="userService" class="org.springbook.user.service.TxProxyFactoryBean">
        <property name="target" ref="userServiceImpl"/> <!-- 다른 빈을 가리키니까 ref -->
        <property name="transactionManager" ref="transactionManager"/> <!-- 다른 빈을 가리키니까 ref -->
        <property name="pattern" value="upgradeLevels"/>
        <property name="serviceInterface" value="org.springbook.user.service.UserService"/> <!-- Class 타입은 value로 클래스 또는 인터페이스 이름 설정-->
    </bean>
    <bean id="userServiceImpl" class="org.springbook.user.service.UserServiceImpl">
        <property name="userDao" ref="userDao"/>
        <property name="mailSender" ref="mailSender"/>
        <property name="userLevelUpgradePolicy" ref="userLevelUpgradePolicy"/>
    </bean>
    <bean id="userDao" class="org.springbook.user.dao.UserDaoJdbc">
        <property name="dataSource" ref="dataSource"/>
    </bean>
    <bean id="userLevelUpgradePolicy" class="org.springbook.user.service.UserLevelUpgradePolicyImpl">
    </bean>
    <bean id="transactionManager" class="org.springframework.jdbc.datasource.DataSourceTransactionManager">
        <property name="dataSource" ref="dataSource"/>
    </bean>
    <bean id="mailSender" class="org.springbook.user.service.DummyMailSender">
    </bean>

    <bean id="dataSource" class="org.springframework.jdbc.datasource.SimpleDriverDataSource">
        <property name="driverClass" value="com.mysql.cj.jdbc.Driver"/>
        <property name="url" value="jdbc:mysql://localhost:3306/toby_spring?serverTimezone=UTC"/>
        <property name="username" value="root"/>
        <property name="password" value="nea8041"/>
    </bean>



</beans>